11:41:01 INFO  : Registering command handlers for Vitis TCF services
11:41:01 INFO  : Launching XSCT server: xsct.bat -n  -interactive C:\Users\SpaceGrant\Documents\STEAM\Avionics\vivado1\STEAM_V2\temp_xsdb_launch_script.tcl
11:41:03 INFO  : XSCT server has started successfully.
11:41:03 INFO  : Successfully done setting XSCT server connection channel  
11:41:03 INFO  : Platform repository initialization has completed.
11:41:05 INFO  : plnx-install-location is set to ''
11:41:05 INFO  : Successfully done setting workspace for the tool. 
11:41:05 INFO  : Successfully done query RDI_DATADIR 
11:44:49 INFO  : Result from executing command 'getProjects': design_1_wrapper
11:44:49 INFO  : Result from executing command 'getPlatforms': 
11:44:50 INFO  : Platform 'design_1_wrapper' is added to custom repositories.
11:44:58 INFO  : Platform 'design_1_wrapper' is added to custom repositories.
11:52:09 INFO  : Result from executing command 'getProjects': design_1_wrapper
11:52:09 INFO  : Result from executing command 'getPlatforms': design_1_wrapper|C:/Users/SpaceGrant/Documents/STEAM/Avionics/vivado1/STEAM_V2/design_1_wrapper/export/design_1_wrapper/design_1_wrapper.xpfm
11:52:09 INFO  : Checking for BSP changes to sync application flags for project 'STEAM'...
11:55:40 INFO  : Successfully done sdx_reload_mss "C:/Users/SpaceGrant/Documents/STEAM/Avionics/vivado1/STEAM_V2/design_1_wrapper/ps7_cortexa9_0/domain_ps7_cortexa9_0/bsp/system.mss"
11:55:49 INFO  : Successfully done sdx_reload_mss "C:/Users/SpaceGrant/Documents/STEAM/Avionics/vivado1/STEAM_V2/design_1_wrapper/zynq_fsbl/zynq_fsbl_bsp/system.mss"
16:58:38 INFO  : Launching XSCT server: xsct.bat -n  -interactive C:\Users\SpaceGrant\Documents\STEAM\Avionics\vivado1\STEAM_V2\temp_xsdb_launch_script.tcl
16:58:40 INFO  : XSCT server has started successfully.
16:58:40 INFO  : plnx-install-location is set to ''
16:58:40 INFO  : Successfully done setting XSCT server connection channel  
16:58:40 INFO  : Successfully done setting workspace for the tool. 
16:58:42 INFO  : Platform repository initialization has completed.
16:58:43 INFO  : Registering command handlers for Vitis TCF services
16:58:45 INFO  : Successfully done query RDI_DATADIR 
17:04:30 INFO  : Result from executing command 'getProjects': design_1_wrapper
17:04:30 INFO  : Result from executing command 'getPlatforms': design_1_wrapper|C:/Users/SpaceGrant/Documents/STEAM/Avionics/vivado1/STEAM_V2/design_1_wrapper/export/design_1_wrapper/design_1_wrapper.xpfm
17:04:30 INFO  : Checking for BSP changes to sync application flags for project 'STEAM'...
17:10:36 INFO  : Checking for BSP changes to sync application flags for project 'STEAM'...
17:10:51 INFO  : Successfully done sdx_reload_mss "C:/Users/SpaceGrant/Documents/STEAM/Avionics/vivado1/STEAM_V2/design_1_wrapper/ps7_cortexa9_0/domain_ps7_cortexa9_0/bsp/system.mss"
17:10:58 INFO  : Successfully done sdx_reload_mss "C:/Users/SpaceGrant/Documents/STEAM/Avionics/vivado1/STEAM_V2/design_1_wrapper/zynq_fsbl/zynq_fsbl_bsp/system.mss"
17:20:13 INFO  : Successfully done sdx_reload_mss "C:/Users/SpaceGrant/Documents/STEAM/Avionics/vivado1/STEAM_V2/design_1_wrapper/zynq_fsbl/zynq_fsbl_bsp/system.mss"
17:20:34 INFO  : (SwPlaform) Successfully done setParamInSpec 
17:20:37 INFO  : (SwPlaform) Successfully done setParamInSpec 
17:20:37 INFO  : (SwPlatform) Successfully done update_mss 
17:20:38 INFO  : Successfully done sdx_reload_mss "C:/Users/SpaceGrant/Documents/STEAM/Avionics/vivado1/STEAM_V2/design_1_wrapper/zynq_fsbl/zynq_fsbl_bsp/system.mss"
17:21:33 INFO  : Result from executing command 'getProjects': design_1_wrapper
17:21:33 INFO  : Result from executing command 'getPlatforms': design_1_wrapper|C:/Users/SpaceGrant/Documents/STEAM/Avionics/vivado1/STEAM_V2/design_1_wrapper/export/design_1_wrapper/design_1_wrapper.xpfm
17:24:47 INFO  : Checking for BSP changes to sync application flags for project 'STEAM_V2'...
17:25:11 INFO  : Connected to target on host '127.0.0.1' and port '3121'.
17:25:29 INFO  : ----------------XSDB Script----------------
connect -url tcp:127.0.0.1:3121
----------------End of Script----------------

17:25:29 ERROR : Could not find ARM device on the board for connection 'Local'.
Check if the target is in:
1. Split JTAG - No operations are possible with ARM DAP.
2. Non JTAG bootmode - Bootrom may need time to enable DAP.
Please try again.


Troubleshooting hints:
1. Check whether board is connected to system properly.
2. In case of zynq board, check whether Digilent/Xilinx cable switch settings are correct.
3. If you are using Xilinx Platform Cable USB, ensure that status LED is green.
09:28:51 INFO  : Launching XSCT server: xsct.bat -n  -interactive C:\Users\SpaceGrant\Documents\STEAM\Avionics\vivado1\STEAM_V2\temp_xsdb_launch_script.tcl
09:28:53 INFO  : XSCT server has started successfully.
09:28:53 INFO  : plnx-install-location is set to ''
09:28:53 INFO  : Successfully done setting XSCT server connection channel  
09:28:53 INFO  : Successfully done setting workspace for the tool. 
09:28:57 INFO  : Platform repository initialization has completed.
09:28:57 INFO  : Registering command handlers for Vitis TCF services
09:28:59 INFO  : Successfully done query RDI_DATADIR 
