TRACE::2020-12-22.17:24:49::SCWBifWriter::Found the complete platform C:/Users/SpaceGrant/Documents/STEAM/Avionics/vivado1/STEAM_V2/design_1_wrapper/export/design_1_wrapper/design_1_wrapper.xpfm
TRACE::2020-12-22.17:24:49::SCWBifWriter::hardware databse : design_1_wrapper
TRACE::2020-12-22.17:24:49::SCWBifWriter::No bitstream found in the design
TRACE::2020-12-22.17:24:49::SCWBifWriter::Found a baremetal domain, proc: ps7_cortexa9_0
TRACE::2020-12-22.17:24:49::SCWBifWriter::proc type : 
TRACE::2020-12-22.17:24:49::SCWBifWriter::proc[0] : ps7_cortexa9_0
TRACE::2020-12-22.17:24:49::SCWBifWriter::Device type is : zynq
TRACE::2020-12-22.17:24:49::SCWBifWriter::Writing BIF to file : C:/Users/SpaceGrant/Documents/STEAM/Avionics/vivado1/STEAM_V2/STEAM_V2_system/Debug/system.bif
TRACE::2020-12-22.17:24:49::SCWBifWriter::Writing the Zynq Baremetal bif 
TRACE::2020-12-28.10:07:12::SCWBifWriter::Found the complete platform C:/Users/SpaceGrant/Documents/STEAM/Avionics/vivado1/STEAM_V2/design_1_wrapper/export/design_1_wrapper/design_1_wrapper.xpfm
TRACE::2020-12-28.10:07:12::SCWBifWriter::hardware databse : design_1_wrapper_1
TRACE::2020-12-28.10:07:12::SCWBifWriter::No bitstream found in the design
TRACE::2020-12-28.10:07:12::SCWBifWriter::Found a baremetal domain, proc: ps7_cortexa9_0
TRACE::2020-12-28.10:07:12::SCWBifWriter::proc type : 
TRACE::2020-12-28.10:07:12::SCWBifWriter::proc[0] : ps7_cortexa9_0
TRACE::2020-12-28.10:07:12::SCWBifWriter::Device type is : zynq
TRACE::2020-12-28.10:07:12::SCWBifWriter::Writing BIF to file : C:/Users/SpaceGrant/Documents/STEAM/Avionics/vivado1/STEAM_V2/STEAM_V2_system/Debug/system.bif
TRACE::2020-12-28.10:07:12::SCWBifWriter::Writing the Zynq Baremetal bif 
TRACE::2020-12-28.10:49:46::SCWBifWriter::Found the complete platform C:/Users/SpaceGrant/Documents/STEAM/Avionics/vivado1/STEAM_V2/design_1_wrapper/export/design_1_wrapper/design_1_wrapper.xpfm
TRACE::2020-12-28.10:49:46::SCWBifWriter::hardware databse : design_1_wrapper_3
TRACE::2020-12-28.10:49:46::SCWBifWriter::No bitstream found in the design
TRACE::2020-12-28.10:49:46::SCWBifWriter::Found a baremetal domain, proc: ps7_cortexa9_0
TRACE::2020-12-28.10:49:46::SCWBifWriter::proc type : 
TRACE::2020-12-28.10:49:46::SCWBifWriter::proc[0] : ps7_cortexa9_0
TRACE::2020-12-28.10:49:46::SCWBifWriter::Device type is : zynq
TRACE::2020-12-28.10:49:46::SCWBifWriter::Writing BIF to file : C:/Users/SpaceGrant/Documents/STEAM/Avionics/vivado1/STEAM_V2/STEAM_V2_system/Debug/system.bif
TRACE::2020-12-28.10:49:46::SCWBifWriter::Writing the Zynq Baremetal bif 
TRACE::2020-12-28.11:33:02::SCWBifWriter::Found the complete platform C:/Users/SpaceGrant/Documents/STEAM/Avionics/vivado1/STEAM_V2/design_1_wrapper/export/design_1_wrapper/design_1_wrapper.xpfm
TRACE::2020-12-28.11:33:02::SCWBifWriter::hardware databse : design_1_wrapper_3
TRACE::2020-12-28.11:33:02::SCWBifWriter::No bitstream found in the design
TRACE::2020-12-28.11:33:02::SCWBifWriter::Found a baremetal domain, proc: ps7_cortexa9_0
TRACE::2020-12-28.11:33:02::SCWBifWriter::proc type : 
TRACE::2020-12-28.11:33:02::SCWBifWriter::proc[0] : ps7_cortexa9_0
TRACE::2020-12-28.11:33:02::SCWBifWriter::Device type is : zynq
TRACE::2020-12-28.11:33:02::SCWBifWriter::Writing BIF to file : C:/Users/SpaceGrant/Documents/STEAM/Avionics/vivado1/STEAM_V2/STEAM_V2_system/Debug/system.bif
TRACE::2020-12-28.11:33:02::SCWBifWriter::Writing the Zynq Baremetal bif 
TRACE::2020-12-28.11:34:46::SCWBifWriter::Found the complete platform C:/Users/SpaceGrant/Documents/STEAM/Avionics/vivado1/STEAM_V2/design_1_wrapper/export/design_1_wrapper/design_1_wrapper.xpfm
TRACE::2020-12-28.11:34:46::SCWBifWriter::hardware databse : design_1_wrapper_3
TRACE::2020-12-28.11:34:46::SCWBifWriter::No bitstream found in the design
TRACE::2020-12-28.11:34:46::SCWBifWriter::Found a baremetal domain, proc: ps7_cortexa9_0
TRACE::2020-12-28.11:34:46::SCWBifWriter::proc type : 
TRACE::2020-12-28.11:34:46::SCWBifWriter::proc[0] : ps7_cortexa9_0
TRACE::2020-12-28.11:34:46::SCWBifWriter::Device type is : zynq
TRACE::2020-12-28.11:34:46::SCWBifWriter::Writing BIF to file : C:/Users/SpaceGrant/Documents/STEAM/Avionics/vivado1/STEAM_V2/STEAM_V2_system/Debug/system.bif
TRACE::2020-12-28.11:34:46::SCWBifWriter::Writing the Zynq Baremetal bif 
TRACE::2020-12-28.11:48:12::SCWBifWriter::Found the complete platform C:/Users/SpaceGrant/Documents/STEAM/Avionics/vivado1/STEAM_V2/design_1_wrapper/export/design_1_wrapper/design_1_wrapper.xpfm
TRACE::2020-12-28.11:48:12::SCWBifWriter::hardware databse : design_1_wrapper
TRACE::2020-12-28.11:48:12::SCWBifWriter::No bitstream found in the design
TRACE::2020-12-28.11:48:12::SCWBifWriter::Found a baremetal domain, proc: ps7_cortexa9_0
TRACE::2020-12-28.11:48:12::SCWBifWriter::proc type : 
TRACE::2020-12-28.11:48:12::SCWBifWriter::proc[0] : ps7_cortexa9_0
TRACE::2020-12-28.11:48:12::SCWBifWriter::Device type is : zynq
TRACE::2020-12-28.11:48:12::SCWBifWriter::Writing BIF to file : C:/Users/SpaceGrant/Documents/STEAM/Avionics/vivado1/STEAM_V2/STEAM_V2_system/Debug/system.bif
TRACE::2020-12-28.11:48:12::SCWBifWriter::Writing the Zynq Baremetal bif 
TRACE::2020-12-28.11:52:09::SCWBifWriter::Found the complete platform C:/Users/SpaceGrant/Documents/STEAM/Avionics/vivado1/STEAM_V2/design_1_wrapper/export/design_1_wrapper/design_1_wrapper.xpfm
TRACE::2020-12-28.11:52:09::SCWBifWriter::hardware databse : design_1_wrapper_1
TRACE::2020-12-28.11:52:09::SCWBifWriter::No bitstream found in the design
TRACE::2020-12-28.11:52:09::SCWBifWriter::Found a baremetal domain, proc: ps7_cortexa9_0
TRACE::2020-12-28.11:52:09::SCWBifWriter::proc type : 
TRACE::2020-12-28.11:52:09::SCWBifWriter::proc[0] : ps7_cortexa9_0
TRACE::2020-12-28.11:52:09::SCWBifWriter::Device type is : zynq
TRACE::2020-12-28.11:52:09::SCWBifWriter::Writing BIF to file : C:/Users/SpaceGrant/Documents/STEAM/Avionics/vivado1/STEAM_V2/STEAM_V2_system/Debug/system.bif
TRACE::2020-12-28.11:52:09::SCWBifWriter::Writing the Zynq Baremetal bif 
TRACE::2020-12-28.11:54:50::SCWBifWriter::Found the complete platform C:/Users/SpaceGrant/Documents/STEAM/Avionics/vivado1/STEAM_V2/design_1_wrapper/export/design_1_wrapper/design_1_wrapper.xpfm
TRACE::2020-12-28.11:54:51::SCWBifWriter::hardware databse : design_1_wrapper_1
TRACE::2020-12-28.11:54:51::SCWBifWriter::No bitstream found in the design
TRACE::2020-12-28.11:54:51::SCWBifWriter::Found a baremetal domain, proc: ps7_cortexa9_0
TRACE::2020-12-28.11:54:51::SCWBifWriter::proc type : 
TRACE::2020-12-28.11:54:51::SCWBifWriter::proc[0] : ps7_cortexa9_0
TRACE::2020-12-28.11:54:51::SCWBifWriter::Device type is : zynq
TRACE::2020-12-28.11:54:51::SCWBifWriter::Writing BIF to file : C:/Users/SpaceGrant/Documents/STEAM/Avionics/vivado1/STEAM_V2/STEAM_V2_system/Debug/system.bif
TRACE::2020-12-28.11:54:51::SCWBifWriter::Writing the Zynq Baremetal bif 
TRACE::2020-12-28.12:00:03::SCWBifWriter::Found the complete platform C:/Users/SpaceGrant/Documents/STEAM/Avionics/vivado1/STEAM_V2/design_1_wrapper/export/design_1_wrapper/design_1_wrapper.xpfm
TRACE::2020-12-28.12:00:03::SCWBifWriter::hardware databse : design_1_wrapper_1
TRACE::2020-12-28.12:00:03::SCWBifWriter::No bitstream found in the design
TRACE::2020-12-28.12:00:03::SCWBifWriter::Found a baremetal domain, proc: ps7_cortexa9_0
TRACE::2020-12-28.12:00:03::SCWBifWriter::proc type : 
TRACE::2020-12-28.12:00:03::SCWBifWriter::proc[0] : ps7_cortexa9_0
TRACE::2020-12-28.12:00:03::SCWBifWriter::Device type is : zynq
TRACE::2020-12-28.12:00:03::SCWBifWriter::Writing BIF to file : C:/Users/SpaceGrant/Documents/STEAM/Avionics/vivado1/STEAM_V2/STEAM_V2_system/Debug/system.bif
TRACE::2020-12-28.12:00:03::SCWBifWriter::Writing the Zynq Baremetal bif 
TRACE::2020-12-28.12:05:06::SCWBifWriter::Found the complete platform C:/Users/SpaceGrant/Documents/STEAM/Avionics/vivado1/STEAM_V2/design_1_wrapper/export/design_1_wrapper/design_1_wrapper.xpfm
TRACE::2020-12-28.12:05:06::SCWBifWriter::hardware databse : design_1_wrapper_1
TRACE::2020-12-28.12:05:06::SCWBifWriter::No bitstream found in the design
TRACE::2020-12-28.12:05:06::SCWBifWriter::Found a baremetal domain, proc: ps7_cortexa9_0
TRACE::2020-12-28.12:05:06::SCWBifWriter::proc type : 
TRACE::2020-12-28.12:05:06::SCWBifWriter::proc[0] : ps7_cortexa9_0
TRACE::2020-12-28.12:05:06::SCWBifWriter::Device type is : zynq
TRACE::2020-12-28.12:05:06::SCWBifWriter::Writing BIF to file : C:/Users/SpaceGrant/Documents/STEAM/Avionics/vivado1/STEAM_V2/STEAM_V2_system/Debug/system.bif
TRACE::2020-12-28.12:05:06::SCWBifWriter::Writing the Zynq Baremetal bif 
TRACE::2020-12-28.23:30:40::SCWBifWriter::Found the complete platform C:/Users/SpaceGrant/Documents/STEAM/Avionics/vivado1/STEAM_V2/design_1_wrapper/export/design_1_wrapper/design_1_wrapper.xpfm
TRACE::2020-12-28.23:30:41::SCWBifWriter::hardware databse : design_1_wrapper
TRACE::2020-12-28.23:30:41::SCWBifWriter::No bitstream found in the design
TRACE::2020-12-28.23:30:41::SCWBifWriter::Found a baremetal domain, proc: ps7_cortexa9_0
TRACE::2020-12-28.23:30:41::SCWBifWriter::proc type : 
TRACE::2020-12-28.23:30:41::SCWBifWriter::proc[0] : ps7_cortexa9_0
TRACE::2020-12-28.23:30:41::SCWBifWriter::Device type is : zynq
TRACE::2020-12-28.23:30:41::SCWBifWriter::Writing BIF to file : C:/Users/SpaceGrant/Documents/STEAM/Avionics/vivado1/STEAM_V2/STEAM_V2_system/Debug/system.bif
TRACE::2020-12-28.23:30:41::SCWBifWriter::Writing the Zynq Baremetal bif 
TRACE::2020-12-28.23:31:19::SCWBifWriter::Found the complete platform C:/Users/SpaceGrant/Documents/STEAM/Avionics/vivado1/STEAM_V2/design_1_wrapper/export/design_1_wrapper/design_1_wrapper.xpfm
TRACE::2020-12-28.23:31:19::SCWBifWriter::hardware databse : design_1_wrapper
TRACE::2020-12-28.23:31:19::SCWBifWriter::No bitstream found in the design
TRACE::2020-12-28.23:31:19::SCWBifWriter::Found a baremetal domain, proc: ps7_cortexa9_0
TRACE::2020-12-28.23:31:19::SCWBifWriter::proc type : 
TRACE::2020-12-28.23:31:19::SCWBifWriter::proc[0] : ps7_cortexa9_0
TRACE::2020-12-28.23:31:19::SCWBifWriter::Device type is : zynq
TRACE::2020-12-28.23:31:19::SCWBifWriter::Writing BIF to file : C:/Users/SpaceGrant/Documents/STEAM/Avionics/vivado1/STEAM_V2/STEAM_V2_system/Debug/system.bif
TRACE::2020-12-28.23:31:19::SCWBifWriter::Writing the Zynq Baremetal bif 
TRACE::2020-12-28.23:39:54::SCWBifWriter::Found the complete platform C:/Users/SpaceGrant/Documents/STEAM/Avionics/vivado1/STEAM_V2/design_1_wrapper/export/design_1_wrapper/design_1_wrapper.xpfm
TRACE::2020-12-28.23:39:54::SCWBifWriter::hardware databse : design_1_wrapper_3
TRACE::2020-12-28.23:39:54::SCWBifWriter::No bitstream found in the design
TRACE::2020-12-28.23:39:54::SCWBifWriter::Found a baremetal domain, proc: ps7_cortexa9_0
TRACE::2020-12-28.23:39:54::SCWBifWriter::proc type : 
TRACE::2020-12-28.23:39:54::SCWBifWriter::proc[0] : ps7_cortexa9_0
TRACE::2020-12-28.23:39:54::SCWBifWriter::Device type is : zynq
TRACE::2020-12-28.23:39:54::SCWBifWriter::Writing BIF to file : C:/Users/SpaceGrant/Documents/STEAM/Avionics/vivado1/STEAM_V2/STEAM_V2_system/Debug/system.bif
TRACE::2020-12-28.23:39:54::SCWBifWriter::Writing the Zynq Baremetal bif 
TRACE::2020-12-28.23:42:41::SCWBifWriter::Found the complete platform C:/Users/SpaceGrant/Documents/STEAM/Avionics/vivado1/STEAM_V2/design_1_wrapper/export/design_1_wrapper/design_1_wrapper.xpfm
TRACE::2020-12-28.23:42:41::SCWBifWriter::hardware databse : design_1_wrapper_7
TRACE::2020-12-28.23:42:41::SCWBifWriter::No bitstream found in the design
TRACE::2020-12-28.23:42:41::SCWBifWriter::Found a baremetal domain, proc: ps7_cortexa9_0
TRACE::2020-12-28.23:42:41::SCWBifWriter::proc type : 
TRACE::2020-12-28.23:42:41::SCWBifWriter::proc[0] : ps7_cortexa9_0
TRACE::2020-12-28.23:42:41::SCWBifWriter::Device type is : zynq
TRACE::2020-12-28.23:42:41::SCWBifWriter::Writing BIF to file : C:/Users/SpaceGrant/Documents/STEAM/Avionics/vivado1/STEAM_V2/STEAM_V2_system/Debug/system.bif
TRACE::2020-12-28.23:42:41::SCWBifWriter::Writing the Zynq Baremetal bif 
